==21608== Memcheck, a memory error detector
==21608== Copyright (C) 2002-2011, and GNU GPL'd, by Julian Seward et al.
==21608== Using Valgrind-3.7.0 and LibVEX; rerun with -h for copyright info
==21608== Command: RunVoting.c++.app
==21608== 
Lonnie Nock

Sheri Salvas

Felton Aubin
Bruce Hodak

Felton Aubin

Kandy Domenick

Bruce Hodak

Yoshiko Marone

Felton Aubin

Yoshiko Marone

Felton Aubin

Kari Greear
==21608== 
==21608== HEAP SUMMARY:
==21608==     in use at exit: 122,880 bytes in 6 blocks
==21608==   total heap usage: 36,245 allocs, 36,239 frees, 2,779,314 bytes allocated
==21608== 
==21608== LEAK SUMMARY:
==21608==    definitely lost: 0 bytes in 0 blocks
==21608==    indirectly lost: 0 bytes in 0 blocks
==21608==      possibly lost: 0 bytes in 0 blocks
==21608==    still reachable: 122,880 bytes in 6 blocks
==21608==         suppressed: 0 bytes in 0 blocks
==21608== Rerun with --leak-check=full to see details of leaked memory
==21608== 
==21608== For counts of detected and suppressed errors, rerun with: -v
==21608== ERROR SUMMARY: 0 errors from 0 contexts (suppressed: 4 from 4)
